  alg_mpmL-SHADE.cpp
D:\WCCI2020\CEC2020-Bound-Constrained-Opt_mpmL-SHADE_Final\CEC2020-Bound-Constrained-Opt_mpmL-SHADE\src\alg_population.h(29,17): warning C4244: '正在初始化': 將 '_Rep' 轉換為 'unsigned int'，由於類型不同，可能導致資料遺失
          with
          [
              _Rep=std::chrono::system_clock::rep
          ]
D:\WCCI2020\CEC2020-Bound-Constrained-Opt_mpmL-SHADE_Final\CEC2020-Bound-Constrained-Opt_mpmL-SHADE\src\problem.h(32,35): warning C4267: '=': 將 'size_t' 轉換為 'int'，資料可能遺失
D:\WCCI2020\CEC2020-Bound-Constrained-Opt_mpmL-SHADE_Final\CEC2020-Bound-Constrained-Opt_mpmL-SHADE\src\problem.h(34,37): warning C4267: '=': 將 'size_t' 轉換為 'int'，資料可能遺失
D:\WCCI2020\CEC2020-Bound-Constrained-Opt_mpmL-SHADE_Final\CEC2020-Bound-Constrained-Opt_mpmL-SHADE\src\alg_mpmL-SHADE.cpp(237,139): warning C4244: '引數': 將 'const double' 轉換為 'int'，由於類型不同，可能導致資料遺失
D:\WCCI2020\CEC2020-Bound-Constrained-Opt_mpmL-SHADE_Final\CEC2020-Bound-Constrained-Opt_mpmL-SHADE\src\alg_mpmL-SHADE.cpp(237,98): warning C4244: '引數': 將 'unsigned __int64' 轉換為 'int'，由於類型不同，可能導致資料遺失
D:\WCCI2020\CEC2020-Bound-Constrained-Opt_mpmL-SHADE_Final\CEC2020-Bound-Constrained-Opt_mpmL-SHADE\src\alg_mpmL-SHADE.cpp(241,17): warning C4244: '正在初始化': 將 'double' 轉換為 'size_t'，由於類型不同，可能導致資料遺失
D:\WCCI2020\CEC2020-Bound-Constrained-Opt_mpmL-SHADE_Final\CEC2020-Bound-Constrained-Opt_mpmL-SHADE\src\alg_mpmL-SHADE.cpp(369,18): warning C4244: '=': 將 'double' 轉換為 'size_t'，由於類型不同，可能導致資料遺失
D:\WCCI2020\CEC2020-Bound-Constrained-Opt_mpmL-SHADE_Final\CEC2020-Bound-Constrained-Opt_mpmL-SHADE\src\alg_mpmL-SHADE.cpp(405,19): warning C4244: '正在初始化': 將 'double' 轉換為 'int'，由於類型不同，可能導致資料遺失
  main.cpp
D:\WCCI2020\CEC2020-Bound-Constrained-Opt_mpmL-SHADE_Final\CEC2020-Bound-Constrained-Opt_mpmL-SHADE\src\problem.h(32,35): warning C4267: '=': 將 'size_t' 轉換為 'int'，資料可能遺失
D:\WCCI2020\CEC2020-Bound-Constrained-Opt_mpmL-SHADE_Final\CEC2020-Bound-Constrained-Opt_mpmL-SHADE\src\problem.h(34,37): warning C4267: '=': 將 'size_t' 轉換為 'int'，資料可能遺失
D:\WCCI2020\CEC2020-Bound-Constrained-Opt_mpmL-SHADE_Final\CEC2020-Bound-Constrained-Opt_mpmL-SHADE\src\alg_population.h(29,17): warning C4244: '正在初始化': 將 '_Rep' 轉換為 'unsigned int'，由於類型不同，可能導致資料遺失
          with
          [
              _Rep=std::chrono::system_clock::rep
          ]
D:\WCCI2020\CEC2020-Bound-Constrained-Opt_mpmL-SHADE_Final\CEC2020-Bound-Constrained-Opt_mpmL-SHADE\src\alg_result.h(4,10): warning C4067: 未預期的語彙基元，接著前置處理器指示詞 - 必須是新行
D:\WCCI2020\CEC2020-Bound-Constrained-Opt_mpmL-SHADE_Final\CEC2020-Bound-Constrained-Opt_mpmL-SHADE\src\main.cpp(55,12): warning C4244: '引數': 將 'time_t' 轉換為 'unsigned int'，由於類型不同，可能導致資料遺失
D:\WCCI2020\CEC2020-Bound-Constrained-Opt_mpmL-SHADE_Final\CEC2020-Bound-Constrained-Opt_mpmL-SHADE\src\main.cpp(101,53): warning C4267: '引數': 將 'size_t' 轉換為 'int'，資料可能遺失
D:\WCCI2020\CEC2020-Bound-Constrained-Opt_mpmL-SHADE_Final\CEC2020-Bound-Constrained-Opt_mpmL-SHADE\src\main.cpp(125,89): warning C4267: '引數': 將 'size_t' 轉換為 'int'，資料可能遺失
D:\WCCI2020\CEC2020-Bound-Constrained-Opt_mpmL-SHADE_Final\CEC2020-Bound-Constrained-Opt_mpmL-SHADE\src\main.cpp(137,70): warning C4267: '引數': 將 'size_t' 轉換為 'int'，資料可能遺失
D:\WCCI2020\CEC2020-Bound-Constrained-Opt_mpmL-SHADE_Final\CEC2020-Bound-Constrained-Opt_mpmL-SHADE\src\main.cpp(138,57): warning C4267: '引數': 將 'size_t' 轉換為 'int'，資料可能遺失
D:\WCCI2020\CEC2020-Bound-Constrained-Opt_mpmL-SHADE_Final\CEC2020-Bound-Constrained-Opt_mpmL-SHADE\src\main.cpp(151,83): warning C4244: '引數': 將 'const double' 轉換為 'const int'，由於類型不同，可能導致資料遺失
D:\WCCI2020\CEC2020-Bound-Constrained-Opt_mpmL-SHADE_Final\CEC2020-Bound-Constrained-Opt_mpmL-SHADE\src\main.cpp(152,88): warning C4244: '引數': 將 'const double' 轉換為 'const int'，由於類型不同，可能導致資料遺失
  正在產生程式碼
  1 of 1729 functions (<0.1%) were compiled, the rest were copied from previous compilation.
    0 functions were new in current compilation
    0 functions had inline decision re-evaluated but remain unchanged
  已完成程式碼產生
  CEC2020-Bound-Constrained-Opt_mpmL-SHADE.vcxproj -> D:\WCCI2020\CEC2020-Bound-Constrained-Opt_mpmL-SHADE_Final\CEC2020-Bound-Constrained-Opt_mpmL-SHADE\x64\Release\CEC2020-Bound-Constrained-Opt_mpmL-SHADE.exe
